
2024/11/17 (00:23:43) | ===> btop++ v.1.4.0
2024/11/17 (00:23:43) | ERROR: Couldn't determine terminal size of "STDOUT_FILENO"!
2024/11/17 (00:23:43) | ERROR: Couldn't determine terminal size of "/dev/tty"!

2024/11/25 (20:00:07) | ===> btop++ v.1.4.0
2024/11/25 (20:00:07) | ERROR: Stall in Runner thread, restarting!
2024/11/25 (20:00:22) | ERROR: Stall in Runner thread, restarting!
2024/11/25 (20:00:31) | ERROR: Stall in Runner thread, restarting!
2024/11/25 (20:00:43) | ERROR: Stall in Runner thread, restarting!
2024/11/25 (20:00:54) | ERROR: Stall in Runner thread, restarting!
2024/11/25 (20:01:07) | ERROR: Stall in Runner thread, restarting!
2024/11/25 (20:01:16) | ERROR: Stall in Runner thread, restarting!

2025/01/20 (10:24:10) | ===> btop++ v.1.4.0
2025/01/20 (10:24:10) | WARNING: NVML: Failed to get maximum GPU power draw, defaulting to 225W: Not Supported
2025/01/20 (10:24:10) | WARNING: Intel GPU: Failed to initialize PMU

2025/01/20 (20:02:00) | ===> btop++ v.1.4.0
2025/01/20 (20:02:00) | WARNING: NVML: Failed to get maximum GPU power draw, defaulting to 225W: Not Supported
2025/01/20 (20:02:00) | WARNING: Intel GPU: Failed to initialize PMU

2025/01/21 (12:42:13) | ===> btop++ v.1.4.0
2025/01/21 (12:42:13) | WARNING: NVML: Failed to get maximum GPU power draw, defaulting to 225W: Not Supported
2025/01/21 (12:42:13) | WARNING: Intel GPU: Failed to initialize PMU

2025/01/30 (17:32:38) | ===> btop++ v.1.4.0
2025/01/30 (17:32:38) | WARNING: NVML: Failed to get maximum GPU power draw, defaulting to 225W: Not Supported
2025/01/30 (17:32:38) | WARNING: Intel GPU: Failed to initialize PMU

2025/02/04 (18:16:49) | ===> btop++ v.1.4.0
2025/02/04 (18:16:49) | WARNING: Intel GPU: Failed to initialize PMU
